[os = 8]
[zeroes = 20]
[p=0][odds=8] 99 99 99 99 99 99 99 99 99 99 99 99 99 99 99 99 99 99 99 99 99 99 99 99 99 99 99 99 99 99 99 99 99 99 99 99 99 99 99 99 99 99 99 99 99 99 99 99 99 99 99 99 99 23 21 21 21 21 99 99 23 99 99 99 25 99 99 27 99 27 27 99 29 29 29 99 29 99 31 31 31 99 33 99 99 99 35 99 35 99 37 99 39 99 41 99 41 99 99 99 
[p=0][odds=7] 99 99 99 99 99 99 99 99 99 99 99 99 99 99 99 99 99 99 99 99 99 99 99 99 99 99 99 99 99 99 99 99 99 99 99 99 99 99 99 17 99 19 19 19 99 99 99 21 21 21 21 21 99 21 21 21 21 21 99 99 23 99 99 99 25 99 99 27 99 27 27 99 29 29 29 99 29 99 31 31 31 99 33 99 99 99 35 99 35 99 37 99 39 99 41 99 43 99 99 99 
[p=0][odds=6] 99 99 99 99 99 99 99 99 99 99 99 99 99 99 99 99 99 99 99 99 99 99 99 99 99 99 99 99 99 99 99 99 99 99 99 99 15 15 15 15 99 17 17 17 99 99 99 19 19 19 19 19 99 21 21 21 21 21 99 99 23 99 99 99 25 99 99 27 99 27 27 99 29 29 29 99 29 99 31 31 31 99 33 99 99 99 35 99 37 99 39 99 41 99 43 99 43 99 99 99 
[p=0][odds=5] 99 99 99 99 99 99 99 99 99 99 99 99 99 99 99 99 99 99 99 99 99 99 99 99 99 99 99 99 99 99 99 99 99 99 15 99 15 15 15 15 99 17 17 17 99 99 99 19 19 19 19 19 99 21 21 21 21 21 99 99 23 99 99 99 25 99 99 27 99 27 27 99 29 29 29 99 31 99 33 33 33 99 35 99 99 99 37 99 37 99 39 99 41 99 43 99 43 99 99 99 
[p=0][odds=4] 99 99 99 99 99 99 99 99 99 99 99 99 99 99 99 99 99 99 99  7 99 99  9  9  9  9 99 11 99 13 99 99 99 15 15 99 15 15 15 15 99 17 17 17 99 99 99 19 19 19 19 19 99 21 21 21 21 21 99 99 23 99 99 99 25 99 99 27 99 27 27 99 29 29 29 99 31 99 33 33 33 99 35 99 99 99 37 99 37 99 39 99 41 99 43 99 45 99 99 99 
[p=0][odds=3] 99 99 99 99 99 99 99 99 99 99 99 99 99 99 99 99 99  7 99  7 99 99  9  9  9  9 99 11 99 13 99 99 99 15 15 99 15 15 15 15 99 17 17 17 99 99 99 19 19 19 19 19 99 21 21 21 21 21 99 99 23 99 99 99 25 99 99 27 99 27 27 99 29 29 29 99 31 99 33 33 33 99 35 99 99 99 37 99 39 99 41 99 43 99 45 99 45 99 99 99 
[p=0][odds=2] 99 99 99 99 99 99 99 99 99 99 99 99 99 99 99  5  5  5 99  7 99 99  9  9  9  9 99 11 99 13 99 99 99 15 15 99 15 15 15 15 99 17 17 17 99 99 99 19 19 19 19 19 99 21 21 21 21 21 99 99 23 99 99 99 25 99 99 27 99 29 29 99 31 31 31 99 33 99 35 35 35 99 37 99 99 99 39 99 39 99 41 99 43 99 45 99 47 99 99 99 
[p=0][odds=1]  0 99 99 99 99 99 99 99 99 99 99 99 99 99  5  5  5  5 99  7 99 99  9  9  9  9 99 11 99 13 99 99 99 15 15 99 17 17 17 17 99 19 19 19 99 99 99 21 21 21 21 21 99 23 23 23 23 23 99 99 25 99 99 99 27 99 99 29 99 29 29 99 31 31 31 99 33 99 35 35 35 99 37 99 99 99 39 99 41 99 43 99 45 99 47 99 49 99 99 99 
[p=0][odds=0]  0 99 99  1 99  3  3  3  3  3  3  3 99 99  5  5  5  5 99  7 99 99  9  9  9  9 99 11 99 13 99 99 99 15 15 99 17 17 17 17 99 19 19 19 99 99 99 21 21 21 21 21 99 23 23 23 23 23 99 99 25 99 99 99 27 99 99 29 99 31 31 99 33 33 33 99 35 99 37 37 37 99 39 99 99 99 41 99 43 99 45 99 47 99 49 99 51 99 99 99 

[p=1][odds=8] 99 99 99 99 99 99 99 99 99 99 99 99 99 99 99 99 99 99 99 99 99 99 99 99 99 99 99 99 99 99 99 99 99 99 99 99 99 99 99 99 99 99 99 99 99 99 99 99 99 99 99 22 22 20 99 22 22 22 22 22 99 24 24 24 99 26 26 26 26 99 28 28 28 28 28 28 99 30 99 99 99 32 99 34 34 34 34 34 99 36 99 38 99 40 40 40 99 42 42 42 
[p=1][odds=7] 99 99 99 99 99 99 99 99 99 99 99 99 99 99 99 99 99 99 99 99 99 99 99 99 99 99 99 99 99 99 99 99 99 99 99 99 99 99 16 99 18 99 99 99 20 20 20 99 99 99 99 20 20 20 99 22 22 22 22 22 99 24 24 24 99 26 26 26 26 99 28 28 28 28 28 28 99 30 99 99 99 32 99 34 34 34 34 34 99 36 99 38 99 40 42 42 99 44 44 44 
[p=1][odds=6] 99 99 99 99 99 99 99 99 99 99 99 99 99 99 99 99 99 99 99 99 99 99 99 99 99 99 99 99 99 99 99 99 99 99 14 14 99 99 16 99 16 99 99 99 18 18 18 99 99 99 99 20 20 20 99 22 22 22 22 22 99 24 24 24 99 26 26 26 26 99 28 28 28 28 28 28 99 30 99 99 99 32 99 34 34 34 36 36 99 38 99 40 99 42 42 42 99 44 44 44 
[p=1][odds=5] 99 99 99 99 99 99 99 99 99 99 99 99 99 99 99 99 99 99 99 99 99 99 99 99 99 99 99 99 99 99 99 99 99 14 14 14 99 99 16 99 16 99 99 99 18 18 18 99 99 99 99 20 20 20 99 22 22 22 22 22 99 24 24 24 99 26 26 26 26 99 28 28 28 28 30 30 99 32 99 99 99 34 99 36 36 36 36 36 99 38 99 40 99 42 42 42 99 44 44 44 
[p=1][odds=4] 99 99 99 99 99 99 99 99 99 99 99 99 99 99 99 99 99  6  6 99  8  8 99 99 99 99 10 99 12 99 14 14 14 14 14 14 99 99 16 99 16 99 99 99 18 18 18 99 99 99 99 20 20 20 99 22 22 22 22 22 99 24 24 24 99 26 26 26 26 99 28 28 28 30 30 30 99 32 99 99 99 34 99 36 36 36 36 36 99 38 99 40 99 42 44 44 99 46 46 46 
[p=1][odds=3] 99 99 99 99 99 99 99 99 99 99 99 99 99 99 99 99  6  6  6 99  8  8 99 99 99 99 10 99 12 99 14 14 14 14 14 14 99 99 16 99 16 99 99 99 18 18 18 99 99 99 99 20 20 20 99 22 22 22 22 22 99 24 24 24 99 26 26 26 26 99 30 28 30 30 32 30 99 32 99 99 99 34 99 36 36 36 38 38 99 40 99 42 99 44 44 44 99 46 46 46 
[p=1][odds=2] 99 99 99 99 99 99 99 99 99 99 99 99 99 99  4 99  6  6  6 99  8  8 99 99 99 99 10 99 12 99 14 14 14 14 14 14 99 99 18 99 16 99 99 99 18 18 18 99 99 99 99 22 20 22 99 24 24 24 22 22 99 24 24 24 99 26 26 28 28 99 30 30 30 32 32 32 99 34 99 99 99 36 99 38 38 38 38 38 99 40 99 42 99 44 46 46 99 48 48 48 
[p=1][odds=1]  0 99 99 99 99 99 99 99 99 99 99  4  4  4  4 99  6  6  6 99  8  8 99 99 99 99 10 99 12 99 14 14 14 14 16 16 99 99 18 99 18 99 99 99 20 20 20 99 99 99 99 22 22 22 99 24 24 24 24 24 99 26 26 26 99 28 28 28 28 99 32 30 32 34 34 32 99 34 99 99 99 36 99 38 38 38 40 40 99 42 99 44 99 46 48 48 99 50 50 50 
[p=1][odds=0]  0  0  0 99  2 99 99 99 99 99 99 99  4  4 99 99 99 99  6 99  8  8 99 99 99 99 10 99 12 99 14 14 14 99 99 16 99 99 99 99 18 99 99 99 20 20 20 99 99 99 99 99 22 99 99 99 99 99 24 24 99 26 26 26 99 28 28 99 30 99 99 32 99 99 99 34 99 36 99 99 99 38 99 40 40 40 99 42 99 44 99 46 99 48 99 50 99 52 52 52 

[dp[n-1][os][0] = 1000000000]
[dp[n-1][os][1] = 42]
